sim/evtolsim data/simulation.json
*** Starting Simulation ***
>>> Deploying AirCraft <<<
ID                : 0
STATE             : DOCKED
CRUISE_TIME       : 0
CHARGE_TIME       : 0
aircraft maker    : echo
cruise speed      : 30
battery capacity  : 150
time to charge    : 300
energy per mile   : 5.8
passenger count   : 2
faults per hour   : 0.61
flight time/charge: 862

>>> Deploying AirCraft <<<
ID                : 1
STATE             : DOCKED
CRUISE_TIME       : 0
CHARGE_TIME       : 0
aircraft maker    : bravo
cruise speed      : 100
battery capacity  : 100
time to charge    : 200
energy per mile   : 1.5
passenger count   : 5
faults per hour   : 0.1
flight time/charge: 667

>>> Deploying AirCraft <<<
ID                : 2
STATE             : DOCKED
CRUISE_TIME       : 0
CHARGE_TIME       : 0
aircraft maker    : bravo
cruise speed      : 100
battery capacity  : 100
time to charge    : 200
energy per mile   : 1.5
passenger count   : 5
faults per hour   : 0.1
flight time/charge: 667

>>> Deploying AirCraft <<<
ID                : 3
STATE             : DOCKED
CRUISE_TIME       : 0
CHARGE_TIME       : 0
aircraft maker    : bravo
cruise speed      : 100
battery capacity  : 100
time to charge    : 200
energy per mile   : 1.5
passenger count   : 5
faults per hour   : 0.1
flight time/charge: 667

>>> Deploying AirCraft <<<
ID                : 4
STATE             : DOCKED
CRUISE_TIME       : 0
CHARGE_TIME       : 0
aircraft maker    : bravo
cruise speed      : 100
battery capacity  : 100
time to charge    : 200
energy per mile   : 1.5
passenger count   : 5
faults per hour   : 0.1
flight time/charge: 667

>>> Deploying AirCraft <<<
ID                : 5
STATE             : DOCKED
CRUISE_TIME       : 0
CHARGE_TIME       : 0
aircraft maker    : echo
cruise speed      : 30
battery capacity  : 150
time to charge    : 300
energy per mile   : 5.8
passenger count   : 2
faults per hour   : 0.61
flight time/charge: 862

>>> Deploying AirCraft <<<
ID                : 6
STATE             : DOCKED
CRUISE_TIME       : 0
CHARGE_TIME       : 0
aircraft maker    : alpha
cruise speed      : 120
battery capacity  : 320
time to charge    : 600
energy per mile   : 1.6
passenger count   : 4
faults per hour   : 0.25
flight time/charge: 1667

>>> Deploying AirCraft <<<
ID                : 7
STATE             : DOCKED
CRUISE_TIME       : 0
CHARGE_TIME       : 0
aircraft maker    : charlie
cruise speed      : 160
battery capacity  : 220
time to charge    : 800
energy per mile   : 2.2
passenger count   : 3
faults per hour   : 0.05
flight time/charge: 625

>>> Deploying AirCraft <<<
ID                : 8
STATE             : DOCKED
CRUISE_TIME       : 0
CHARGE_TIME       : 0
aircraft maker    : echo
cruise speed      : 30
battery capacity  : 150
time to charge    : 300
energy per mile   : 5.8
passenger count   : 2
faults per hour   : 0.61
flight time/charge: 862

>>> Deploying AirCraft <<<
ID                : 9
STATE             : DOCKED
CRUISE_TIME       : 0
CHARGE_TIME       : 0
aircraft maker    : charlie
cruise speed      : 160
battery capacity  : 220
time to charge    : 800
energy per mile   : 2.2
passenger count   : 3
faults per hour   : 0.05
flight time/charge: 625

>>> Deploying AirCraft <<<
ID                : 10
STATE             : DOCKED
CRUISE_TIME       : 0
CHARGE_TIME       : 0
aircraft maker    : alpha
cruise speed      : 120
battery capacity  : 320
time to charge    : 600
energy per mile   : 1.6
passenger count   : 4
faults per hour   : 0.25
flight time/charge: 1667

>>> Deploying AirCraft <<<
ID                : 11
STATE             : DOCKED
CRUISE_TIME       : 0
CHARGE_TIME       : 0
aircraft maker    : alpha
cruise speed      : 120
battery capacity  : 320
time to charge    : 600
energy per mile   : 1.6
passenger count   : 4
faults per hour   : 0.25
flight time/charge: 1667

>>> Deploying AirCraft <<<
ID                : 12
STATE             : DOCKED
CRUISE_TIME       : 0
CHARGE_TIME       : 0
aircraft maker    : bravo
cruise speed      : 100
battery capacity  : 100
time to charge    : 200
energy per mile   : 1.5
passenger count   : 5
faults per hour   : 0.1
flight time/charge: 667

>>> Deploying AirCraft <<<
ID                : 13
STATE             : DOCKED
CRUISE_TIME       : 0
CHARGE_TIME       : 0
aircraft maker    : alpha
cruise speed      : 120
battery capacity  : 320
time to charge    : 600
energy per mile   : 1.6
passenger count   : 4
faults per hour   : 0.25
flight time/charge: 1667

>>> Deploying AirCraft <<<
ID                : 14
STATE             : DOCKED
CRUISE_TIME       : 0
CHARGE_TIME       : 0
aircraft maker    : delta
cruise speed      : 90
battery capacity  : 120
time to charge    : 620
energy per mile   : 0.8
passenger count   : 2
faults per hour   : 0.22
flight time/charge: 1667

>>> Deploying AirCraft <<<
ID                : 15
STATE             : DOCKED
CRUISE_TIME       : 0
CHARGE_TIME       : 0
aircraft maker    : delta
cruise speed      : 90
battery capacity  : 120
time to charge    : 620
energy per mile   : 0.8
passenger count   : 2
faults per hour   : 0.22
flight time/charge: 1667

>>> Deploying AirCraft <<<
ID                : 16
STATE             : DOCKED
CRUISE_TIME       : 0
CHARGE_TIME       : 0
aircraft maker    : bravo
cruise speed      : 100
battery capacity  : 100
time to charge    : 200
energy per mile   : 1.5
passenger count   : 5
faults per hour   : 0.1
flight time/charge: 667

>>> Deploying AirCraft <<<
ID                : 17
STATE             : DOCKED
CRUISE_TIME       : 0
CHARGE_TIME       : 0
aircraft maker    : charlie
cruise speed      : 160
battery capacity  : 220
time to charge    : 800
energy per mile   : 2.2
passenger count   : 3
faults per hour   : 0.05
flight time/charge: 625

>>> Deploying AirCraft <<<
ID                : 18
STATE             : DOCKED
CRUISE_TIME       : 0
CHARGE_TIME       : 0
aircraft maker    : alpha
cruise speed      : 120
battery capacity  : 320
time to charge    : 600
energy per mile   : 1.6
passenger count   : 4
faults per hour   : 0.25
flight time/charge: 1667

>>> Deploying AirCraft <<<
ID                : 19
STATE             : DOCKED
CRUISE_TIME       : 0
CHARGE_TIME       : 0
aircraft maker    : echo
cruise speed      : 30
battery capacity  : 150
time to charge    : 300
energy per mile   : 5.8
passenger count   : 2
faults per hour   : 0.61
flight time/charge: 862

*** Stopping Simulation ***
*** Simulation Report ***
>>> per aircraft stats <<<
      echo       0           3461           3540    103830          207660    2112
     bravo       0           3355           3648    335500         1677500     336
     bravo       0           3328           3673    332800         1664000     333
     bravo       0           2680           4328    268000         1340000     268
     bravo       0           2685           4316    268500         1342500     269
      echo       0           4324           2684    129720          259440    2638
     alpha       0           5009           1992    601080         2404320    1253
   charlie       0           2671           4328    427360         1282080     134
      echo       0           3937           3062    118110          236220    2402
   charlie       0           2511           4492    401760         1205280     126
     alpha       0           3340           3667    400800         1603200     835
     alpha       0           4606           2395    552720         2210880    1152
     bravo       0           2010           4991    201000         1005000     201
     alpha       0           5007           1994    600840         2403360    1252
     delta       0           4131           2871    371790          743580     909
     delta       0           4791           2210    431190          862380    1055
     bravo       0           3349           3650    334900         1674500     335
   charlie       0           1338           5663    214080          642240      67
     alpha       0           5029           1972    603480         2413920    1258
      echo       0           4328           2671    129840          259680    2641

>>> ----- SUMMARY ----- <<<
   COMPANY #CRAFTS FLIGHT-TIME:ms CHARGE-TIME:ms  DISTANCE PASSENGER-MILES  FAULTS
     delta       2              4              2       401         3211920       0
   charlie       3              2              4       347         9388800       0
     alpha       5              4              2       551        55178400       1
     bravo       6              2              4       290        52221000       0
      echo       4              4              2       120         3852000       2
